<?xml version="1.0" encoding="UTF-8" ?>
<testsuite failures="0" time="0.734" errors="0" skipped="0" tests="22" name="org.openmrs.module.radiology.web.controller.PortletsControllerTest">
  <properties>
    <property name="java.runtime.name" value="OpenJDK Runtime Environment"/>
    <property name="sun.boot.library.path" value="/usr/lib/jvm/java-7-openjdk-amd64/jre/lib/amd64"/>
    <property name="java.vm.version" value="24.95-b01"/>
    <property name="java.vm.vendor" value="Oracle Corporation"/>
    <property name="java.vendor.url" value="http://java.oracle.com/"/>
    <property name="path.separator" value=":"/>
    <property name="guice.disable.misplaced.annotation.check" value="true"/>
    <property name="java.vm.name" value="OpenJDK 64-Bit Server VM"/>
    <property name="file.encoding.pkg" value="sun.io"/>
    <property name="user.country" value="US"/>
    <property name="sun.java.launcher" value="SUN_STANDARD"/>
    <property name="sun.os.patch.level" value="unknown"/>
    <property name="java.vm.specification.name" value="Java Virtual Machine Specification"/>
    <property name="user.dir" value="/home/youdon/Desktop/LatestWangchukRepo/RadiologyDcm4chee"/>
    <property name="java.runtime.version" value="1.7.0_101-b00"/>
    <property name="java.awt.graphicsenv" value="sun.awt.X11GraphicsEnvironment"/>
    <property name="java.endorsed.dirs" value="/usr/lib/jvm/java-7-openjdk-amd64/jre/lib/endorsed"/>
    <property name="os.arch" value="amd64"/>
    <property name="java.io.tmpdir" value="/tmp"/>
    <property name="line.separator" value="
"/>
    <property name="java.vm.specification.vendor" value="Oracle Corporation"/>
    <property name="os.name" value="Linux"/>
    <property name="maven.ext.class.path" value="/home/youdon/netbeans-8.0.1/java/maven-nblib/netbeans-eventspy.jar"/>
    <property name="classworlds.conf" value="/home/youdon/netbeans-8.0.1/java/maven/bin/m2.conf"/>
    <property name="sun.jnu.encoding" value="UTF-8"/>
    <property name="java.library.path" value="/usr/lib/jvm/java-7-openjdk-amd64/jre/lib/amd64:/usr/lib/jvm/java-7-openjdk-amd64/jre/lib/i386::/usr/java/packages/lib/amd64:/usr/lib/x86_64-linux-gnu/jni:/lib/x86_64-linux-gnu:/usr/lib/x86_64-linux-gnu:/usr/lib/jni:/lib:/usr/lib"/>
    <property name="java.specification.name" value="Java Platform API Specification"/>
    <property name="java.class.version" value="51.0"/>
    <property name="sun.management.compiler" value="HotSpot 64-Bit Tiered Compilers"/>
    <property name="os.version" value="4.2.0-42-generic"/>
    <property name="user.home" value="/home/youdon"/>
    <property name="user.timezone" value="America/Los_Angeles"/>
    <property name="java.awt.printerjob" value="sun.print.PSPrinterJob"/>
    <property name="file.encoding" value="UTF-8"/>
    <property name="java.specification.version" value="1.7"/>
    <property name="user.name" value="youdon"/>
    <property name="java.class.path" value="/home/youdon/netbeans-8.0.1/java/maven/boot/plexus-classworlds-2.4.jar"/>
    <property name="java.vm.specification.version" value="1.7"/>
    <property name="sun.arch.data.model" value="64"/>
    <property name="java.home" value="/usr/lib/jvm/java-7-openjdk-amd64/jre"/>
    <property name="sun.java.command" value="org.codehaus.plexus.classworlds.launcher.Launcher -Dmaven.ext.class.path=/home/youdon/netbeans-8.0.1/java/maven-nblib/netbeans-eventspy.jar clean install"/>
    <property name="java.specification.vendor" value="Oracle Corporation"/>
    <property name="user.language" value="en"/>
    <property name="awt.toolkit" value="sun.awt.X11.XToolkit"/>
    <property name="java.vm.info" value="mixed mode"/>
    <property name="java.version" value="1.7.0_101"/>
    <property name="java.ext.dirs" value="/usr/lib/jvm/java-7-openjdk-amd64/jre/lib/ext:/usr/java/packages/lib/ext"/>
    <property name="securerandom.source" value="file:/dev/./urandom"/>
    <property name="sun.boot.class.path" value="/usr/lib/jvm/java-7-openjdk-amd64/jre/lib/resources.jar:/usr/lib/jvm/java-7-openjdk-amd64/jre/lib/rt.jar:/usr/lib/jvm/java-7-openjdk-amd64/jre/lib/sunrsasign.jar:/usr/lib/jvm/java-7-openjdk-amd64/jre/lib/jsse.jar:/usr/lib/jvm/java-7-openjdk-amd64/jre/lib/jce.jar:/usr/lib/jvm/java-7-openjdk-amd64/jre/lib/charsets.jar:/usr/lib/jvm/java-7-openjdk-amd64/jre/lib/rhino.jar:/usr/lib/jvm/java-7-openjdk-amd64/jre/lib/jfr.jar:/usr/lib/jvm/java-7-openjdk-amd64/jre/classes"/>
    <property name="java.vendor" value="Oracle Corporation"/>
    <property name="maven.home" value="/home/youdon/netbeans-8.0.1/java/maven"/>
    <property name="file.separator" value="/"/>
    <property name="java.vendor.url.bug" value="http://bugreport.sun.com/bugreport/"/>
    <property name="sun.cpu.endian" value="little"/>
    <property name="sun.io.unicode.encoding" value="UnicodeLittle"/>
    <property name="sun.desktop" value="gnome"/>
    <property name="sun.cpu.isalist" value=""/>
  </properties>
  <testcase time="0.278" classname="org.openmrs.module.radiology.web.controller.PortletsControllerTest" name="filterRadiologyOrdersByDateRange_shouldPopulateModelAndViewWithTableOfOrdersAssociatedWithGivenDateRange"/>
  <testcase time="0.026" classname="org.openmrs.module.radiology.web.controller.PortletsControllerTest" name="filterRadiologyOrdersByDateRange_shouldReturnListOfOrdersAssociatedWithGivenDateRangeNull"/>
  <testcase time="0.026" classname="org.openmrs.module.radiology.web.controller.PortletsControllerTest" name="getRadiologyOrdersByPatientQueryAndDateRange_shouldNotPopulateModelAndViewWithRadiologyOrdersIfStartDateIsAfterEndDate"/>
  <testcase time="0.009" classname="org.openmrs.module.radiology.web.controller.PortletsControllerTest" name="filterRadiologyOrdersByDateRange_shouldReturnListOfOrdersAssociatedWithGivenEndDateButGivenStartDateNull"/>
  <testcase time="0.038" classname="org.openmrs.module.radiology.web.controller.PortletsControllerTest" name="filterRadiologyOrdersByDateRange_shouldReturnListOfOrdersAssociatedWithGivenEndDateAndStartDateAfterAnyOrderHasStarted"/>
  <testcase time="0.011" classname="org.openmrs.module.radiology.web.controller.PortletsControllerTest" name="getPatientInfoRoute_ShouldReturnStringWithPatientInfoRoute"/>
  <testcase time="0.035" classname="org.openmrs.module.radiology.web.controller.PortletsControllerTest" name="handleTypeMismatchException_shouldPopulateModelWithExceptionText"/>
  <testcase time="0.018" classname="org.openmrs.module.radiology.web.controller.PortletsControllerTest" name="filterRadiologyOrdersByDateRange_shouldReturnListOfOrdersAssociatedWithGivenEndDateAndStartDateBeforeAnyOrderHasStarted"/>
  <testcase time="0.012" classname="org.openmrs.module.radiology.web.controller.PortletsControllerTest" name="getRadiologyOrdersForPatientQuery_shouldReturnListOfAllRadiologyOrdersGivenPatientQueryMatchingNoPatient"/>
  <testcase time="0.012" classname="org.openmrs.module.radiology.web.controller.PortletsControllerTest" name="isEndDateBeforeStartDate_shouldReturnFalsewithGivenStartDateButEndDateNull"/>
  <testcase time="0.012" classname="org.openmrs.module.radiology.web.controller.PortletsControllerTest" name="filterRadiologyOrdersByDateRange_shouldPopulateModelAndViewWithTableOfOrdersAssociatedWithGivenStartDateButGivenEndDateNull"/>
  <testcase time="0.005" classname="org.openmrs.module.radiology.web.controller.PortletsControllerTest" name="isEndDateBeforeStartDate_shouldReturnFalsewithGivenStartDateAndEndDateNull"/>
  <testcase time="0.015" classname="org.openmrs.module.radiology.web.controller.PortletsControllerTest" name="getRadiologyOrdersForPatientQuery_shouldReturnListOfAllRadiologyOrdersForGivenPatientQuery"/>
  <testcase time="0.014" classname="org.openmrs.module.radiology.web.controller.PortletsControllerTest" name="getRadiologyOrdersForPatientQuery_shouldReturnListOfAllRadiologyOrdersGivenPatientQueryEmpty"/>
  <testcase time="0.005" classname="org.openmrs.module.radiology.web.controller.PortletsControllerTest" name="handleTypeMismatchException_shouldPopulateModelWithExceptionTextAndInvalidValue"/>
  <testcase time="0.02" classname="org.openmrs.module.radiology.web.controller.PortletsControllerTest" name="getRadiologyOrdersForPatientQuery_shouldReturnEmptyListForPatientsWithoutRadiologyOrders"/>
  <testcase time="0.005" classname="org.openmrs.module.radiology.web.controller.PortletsControllerTest" name="isEndDateBeforeStartDate_shouldReturnFalseIfEndDateIsNotAfterStartDate"/>
  <testcase time="0.012" classname="org.openmrs.module.radiology.web.controller.PortletsControllerTest" name="isEndDateBeforeStartDate_shouldReturnFalsewithGivenEndDateButStartDateNull"/>
  <testcase time="0.014" classname="org.openmrs.module.radiology.web.controller.PortletsControllerTest" name="getRadiologyOrdersByPatientQueryAndDateRange_shouldPopulateModelAndViewWithRadiologyOrders"/>
  <testcase time="0.016" classname="org.openmrs.module.radiology.web.controller.PortletsControllerTest" name="isEndDateBeforeStartDate_shouldReturnTrueIfEndDateIsAfterStartDate"/>
  <testcase time="0.005" classname="org.openmrs.module.radiology.web.controller.PortletsControllerTest" name="getRadiologyOrdersByPatientQueryAndDateRange_shouldPopulateModelAndViewWithRadiologyOrdersAssociatedWithGivenDateRangeNull"/>
  <testcase time="0.005" classname="org.openmrs.module.radiology.web.controller.PortletsControllerTest" name="getRadiologyOrdersForPatientQuery_shouldReturnListOfAllRadiologyOrdersGivenPatientQueryNull"/>
</testsuite>