<?xml version="1.0" encoding="UTF-8" ?>
<testsuite failures="0" time="0.933" errors="0" skipped="0" tests="40" name="org.openmrs.module.radiology.RadiologyPropertiesComponentTest">
  <properties>
    <property name="java.runtime.name" value="OpenJDK Runtime Environment"/>
    <property name="sun.boot.library.path" value="/usr/lib/jvm/java-7-openjdk-amd64/jre/lib/amd64"/>
    <property name="java.vm.version" value="24.95-b01"/>
    <property name="java.vm.vendor" value="Oracle Corporation"/>
    <property name="java.vendor.url" value="http://java.oracle.com/"/>
    <property name="path.separator" value=":"/>
    <property name="guice.disable.misplaced.annotation.check" value="true"/>
    <property name="java.vm.name" value="OpenJDK 64-Bit Server VM"/>
    <property name="file.encoding.pkg" value="sun.io"/>
    <property name="user.country" value="US"/>
    <property name="sun.java.launcher" value="SUN_STANDARD"/>
    <property name="sun.os.patch.level" value="unknown"/>
    <property name="java.vm.specification.name" value="Java Virtual Machine Specification"/>
    <property name="user.dir" value="/home/youdon/Desktop/Radiology_IVO/openmrs-module-radiology"/>
    <property name="java.runtime.version" value="1.7.0_101-b00"/>
    <property name="java.awt.graphicsenv" value="sun.awt.X11GraphicsEnvironment"/>
    <property name="java.endorsed.dirs" value="/usr/lib/jvm/java-7-openjdk-amd64/jre/lib/endorsed"/>
    <property name="os.arch" value="amd64"/>
    <property name="java.io.tmpdir" value="/tmp"/>
    <property name="line.separator" value="
"/>
    <property name="java.vm.specification.vendor" value="Oracle Corporation"/>
    <property name="os.name" value="Linux"/>
    <property name="maven.ext.class.path" value="/home/youdon/netbeans-8.0.1/java/maven-nblib/netbeans-eventspy.jar"/>
    <property name="classworlds.conf" value="/home/youdon/netbeans-8.0.1/java/maven/bin/m2.conf"/>
    <property name="sun.jnu.encoding" value="UTF-8"/>
    <property name="java.library.path" value="/usr/lib/jvm/java-7-openjdk-amd64/jre/lib/amd64:/usr/lib/jvm/java-7-openjdk-amd64/jre/lib/i386::/usr/java/packages/lib/amd64:/usr/lib/x86_64-linux-gnu/jni:/lib/x86_64-linux-gnu:/usr/lib/x86_64-linux-gnu:/usr/lib/jni:/lib:/usr/lib"/>
    <property name="java.specification.name" value="Java Platform API Specification"/>
    <property name="java.class.version" value="51.0"/>
    <property name="sun.management.compiler" value="HotSpot 64-Bit Tiered Compilers"/>
    <property name="os.version" value="4.2.0-42-generic"/>
    <property name="user.home" value="/home/youdon"/>
    <property name="user.timezone" value="America/Los_Angeles"/>
    <property name="java.awt.printerjob" value="sun.print.PSPrinterJob"/>
    <property name="file.encoding" value="UTF-8"/>
    <property name="java.specification.version" value="1.7"/>
    <property name="user.name" value="youdon"/>
    <property name="java.class.path" value="/home/youdon/netbeans-8.0.1/java/maven/boot/plexus-classworlds-2.4.jar"/>
    <property name="java.vm.specification.version" value="1.7"/>
    <property name="sun.arch.data.model" value="64"/>
    <property name="java.home" value="/usr/lib/jvm/java-7-openjdk-amd64/jre"/>
    <property name="sun.java.command" value="org.codehaus.plexus.classworlds.launcher.Launcher -Dmaven.ext.class.path=/home/youdon/netbeans-8.0.1/java/maven-nblib/netbeans-eventspy.jar clean install"/>
    <property name="java.specification.vendor" value="Oracle Corporation"/>
    <property name="user.language" value="en"/>
    <property name="awt.toolkit" value="sun.awt.X11.XToolkit"/>
    <property name="java.vm.info" value="mixed mode"/>
    <property name="java.version" value="1.7.0_101"/>
    <property name="java.ext.dirs" value="/usr/lib/jvm/java-7-openjdk-amd64/jre/lib/ext:/usr/java/packages/lib/ext"/>
    <property name="securerandom.source" value="file:/dev/./urandom"/>
    <property name="sun.boot.class.path" value="/usr/lib/jvm/java-7-openjdk-amd64/jre/lib/resources.jar:/usr/lib/jvm/java-7-openjdk-amd64/jre/lib/rt.jar:/usr/lib/jvm/java-7-openjdk-amd64/jre/lib/sunrsasign.jar:/usr/lib/jvm/java-7-openjdk-amd64/jre/lib/jsse.jar:/usr/lib/jvm/java-7-openjdk-amd64/jre/lib/jce.jar:/usr/lib/jvm/java-7-openjdk-amd64/jre/lib/charsets.jar:/usr/lib/jvm/java-7-openjdk-amd64/jre/lib/rhino.jar:/usr/lib/jvm/java-7-openjdk-amd64/jre/lib/jfr.jar:/usr/lib/jvm/java-7-openjdk-amd64/jre/classes"/>
    <property name="java.vendor" value="Oracle Corporation"/>
    <property name="maven.home" value="/home/youdon/netbeans-8.0.1/java/maven"/>
    <property name="file.separator" value="/"/>
    <property name="java.vendor.url.bug" value="http://bugreport.sun.com/bugreport/"/>
    <property name="sun.cpu.endian" value="little"/>
    <property name="sun.io.unicode.encoding" value="UnicodeLittle"/>
    <property name="sun.desktop" value="gnome"/>
    <property name="sun.cpu.isalist" value=""/>
  </properties>
  <testcase time="0.032" classname="org.openmrs.module.radiology.RadiologyPropertiesComponentTest" name="getPacsDicomAeTitle_shouldReturnPacsDicomAeTitle"/>
  <testcase time="0.016" classname="org.openmrs.module.radiology.RadiologyPropertiesComponentTest" name="getDicomMppsPort_shouldReturnPacsDicomMppsPort"/>
  <testcase time="0.024" classname="org.openmrs.module.radiology.RadiologyPropertiesComponentTest" name="getRadiologyCareSetting_shouldReturnRadiologyCareSetting"/>
  <testcase time="0.018" classname="org.openmrs.module.radiology.RadiologyPropertiesComponentTest" name="getRadiologyTestOrderType_shouldThrowIllegalStateExceptionForNonExistingRadiologyTestOrderType"/>
  <testcase time="0.013" classname="org.openmrs.module.radiology.RadiologyPropertiesComponentTest" name="getDicomMppsPort_shouldThrowIllegalStateExceptionIfGlobalPropertyForPacsDicomMppsPortCannotBeFound"/>
  <testcase time="0.014" classname="org.openmrs.module.radiology.RadiologyPropertiesComponentTest" name="getRadiologyConceptClassNames_shouldThrowIllegalStateExceptionIfGlobalPropertyRadiologyConceptClassesIsNull"/>
  <testcase time="0.014" classname="org.openmrs.module.radiology.RadiologyPropertiesComponentTest" name="getRadiologyVisitType_shouldThrowIllegalStateExceptionForNonExistingRadiologyVisitType"/>
  <testcase time="0.019" classname="org.openmrs.module.radiology.RadiologyPropertiesComponentTest" name="getDicomWebViewerAddress_shouldReturnDicomWebViewerAddress"/>
  <testcase time="0.027" classname="org.openmrs.module.radiology.RadiologyPropertiesComponentTest" name="getDicomApplicationUID_shouldDicomApplicationUid"/>
  <testcase time="0.019" classname="org.openmrs.module.radiology.RadiologyPropertiesComponentTest" name="getDicomApplicationUID_shouldThrowIllegalStateExceptionIfGlobalPropertyForDicomApplicationUidCannotBeFound"/>
  <testcase time="0.035" classname="org.openmrs.module.radiology.RadiologyPropertiesComponentTest" name="getRadiologyCareSetting_shouldThrowIllegalStateExceptionIfGlobalPropertyForRadiologyCareSettingCannotBeFound"/>
  <testcase time="0.029" classname="org.openmrs.module.radiology.RadiologyPropertiesComponentTest" name="getDicomSpecificCharacterSet_shouldThrowIllegalStateExceptionIfGlobalPropertyForDicomSpecificCharacterSetCannotBeFound"/>
  <testcase time="0.039" classname="org.openmrs.module.radiology.RadiologyPropertiesComponentTest" name="getDicomWebViewerBaseUrl_shouldReturnDicomWebViewerBaseUrl"/>
  <testcase time="0.031" classname="org.openmrs.module.radiology.RadiologyPropertiesComponentTest" name="getRadiologyConceptClassNames_shouldThrowIllegalStateExceptionIfGlobalPropertyRadiologyConceptClassesIsAnEmptyString"/>
  <testcase time="0.036" classname="org.openmrs.module.radiology.RadiologyPropertiesComponentTest" name="getRadiologyCareSetting_shouldThrowIllegalStateExceptionIfRadiologyCareSettingCannotBeFound"/>
  <testcase time="0.015" classname="org.openmrs.module.radiology.RadiologyPropertiesComponentTest" name="getPacsDicomAeTitle_shouldThrowIllegalStateExceptionIfGlobalPropertyForPacsDicomAeTitleCannotBeFound"/>
  <testcase time="0.022" classname="org.openmrs.module.radiology.RadiologyPropertiesComponentTest" name="getDicomWebViewerPort_shouldReturnDicomWebViewerPort"/>
  <testcase time="0.02" classname="org.openmrs.module.radiology.RadiologyPropertiesComponentTest" name="getDicomSpecificCharacterSet_shouldDicomSpecificCharacterSet"/>
  <testcase time="0.017" classname="org.openmrs.module.radiology.RadiologyPropertiesComponentTest" name="getPacsHL7Port_shouldReturnPacsHl7Port"/>
  <testcase time="0.024" classname="org.openmrs.module.radiology.RadiologyPropertiesComponentTest" name="getDicomWebViewerBaseUrl_shouldThrowIllegalStateExceptionIfGlobalPropertyForDicomWebViewerBaseUrlCannotBeFound"/>
  <testcase time="0.012" classname="org.openmrs.module.radiology.RadiologyPropertiesComponentTest" name="getDicomWebViewerAddress_shouldThrowIllegalStateExceptionIfGlobalPropertyForDicomWebViewerAddressCannotBeFound"/>
  <testcase time="0.016" classname="org.openmrs.module.radiology.RadiologyPropertiesComponentTest" name="getRadiologyOrderingProviderEncounterRole_shouldThrowIllegalStateExceptionForNonExistingOrderingProviderEncounterRole"/>
  <testcase time="0.036" classname="org.openmrs.module.radiology.RadiologyPropertiesComponentTest" name="getRadiologyConceptClassNames_shouldReturnsCommaSeparatedListOfConceptClassNamesConfiguredViaConceptClassUUIDsInGlobalPropertyRadiologyConceptClasses"/>
  <testcase time="0.02" classname="org.openmrs.module.radiology.RadiologyPropertiesComponentTest" name="getRadiologyConceptClassNames_shouldThrowIllegalStateExceptionIfGlobalPropertyRadiologyConceptClassesIsBadlyFormatted"/>
  <testcase time="0.014" classname="org.openmrs.module.radiology.RadiologyPropertiesComponentTest" name="getDicomStudyUIDSlug_shouldThrowIllegalStateExceptionIfGlobalPropertyForDicomStudyUidSlugCannotBeFound"/>
  <testcase time="0.021" classname="org.openmrs.module.radiology.RadiologyPropertiesComponentTest" name="getPacsAddress_shouldThrowIllegalStateExceptionIfGlobalPropertyForPacsAddressCannotBeFound"/>
  <testcase time="0.038" classname="org.openmrs.module.radiology.RadiologyPropertiesComponentTest" name="getDicomAeTitle_shouldReturnDicomAeTitle"/>
  <testcase time="0.031" classname="org.openmrs.module.radiology.RadiologyPropertiesComponentTest" name="getStudyPrefix_shouldReturnStudyPrefixConsistingofApplicationUidAndStudyUidSlug"/>
  <testcase time="0.016" classname="org.openmrs.module.radiology.RadiologyPropertiesComponentTest" name="getRadiologyOrderEncounterType_shouldThrowIllegalStateExceptionForNonExistingRadiologyEncounterType"/>
  <testcase time="0.016" classname="org.openmrs.module.radiology.RadiologyPropertiesComponentTest" name="getRadiologyConceptClassNames_shouldThrowIllegalStateExceptionIfGlobalPropertyRadiologyConceptClassesContainsAUUIDNotFoundAmongConceptClasses"/>
  <testcase time="0.012" classname="org.openmrs.module.radiology.RadiologyPropertiesComponentTest" name="getDicomAeTitle_shouldThrowIllegalStateExceptionIfGlobalPropertyForDicomAeTitleCannotBeFound"/>
  <testcase time="0.031" classname="org.openmrs.module.radiology.RadiologyPropertiesComponentTest" name="getRadiologyOrderingProviderEncounterRole_shouldReturnEncounterRoleForOrderingProvider"/>
  <testcase time="0.014" classname="org.openmrs.module.radiology.RadiologyPropertiesComponentTest" name="getDicomStudyUIDSlug_shouldDicomStudyUidSlug"/>
  <testcase time="0.013" classname="org.openmrs.module.radiology.RadiologyPropertiesComponentTest" name="getDicomWebViewerPort_shouldThrowIllegalStateExceptionIfGlobalPropertyForDicomWebViewerPortCannotBeFound"/>
  <testcase time="0.043" classname="org.openmrs.module.radiology.RadiologyPropertiesComponentTest" name="getRadiologyVisitType_shouldReturnVisitTypeForRadiologyOrders"/>
  <testcase time="0.031" classname="org.openmrs.module.radiology.RadiologyPropertiesComponentTest" name="getRadiologyOrderEncounterType_shouldReturnEncounterTypeForRadiologyOrders"/>
  <testcase time="0.049" classname="org.openmrs.module.radiology.RadiologyPropertiesComponentTest" name="getRadiologyTestOrderType_shouldReturnOrderTypeForRadiologyTestOrders"/>
  <testcase time="0.016" classname="org.openmrs.module.radiology.RadiologyPropertiesComponentTest" name="getPacsAddress_shouldReturnPacsAddress"/>
  <testcase time="0.012" classname="org.openmrs.module.radiology.RadiologyPropertiesComponentTest" name="getPacsHL7Port_shouldThrowIllegalStateExceptionIfGlobalPropertyForPacsHl7PortCannotBeFound"/>
  <testcase time="0.013" classname="org.openmrs.module.radiology.RadiologyPropertiesComponentTest" name="getDicomWebViewerLocalServerName_shouldReturnDicomWebViewerLocalServerName"/>
</testsuite>